<?xml version="1.0" encoding="UTF-8"?>
<!-- Generated by org.testng.reporters.JUnitReportReporter -->
<testsuite skipped="0" hostname="LAPTOP-UT5RV267" name="com.calculator.tests.CalculatorTest" tests="6" failures="0" timestamp="24 Oct 2018 18:01:08 GMT" time="68.008" errors="0">
  <testcase name="calculatorTest4" time="10.883" classname="com.calculator.tests.CalculatorTest"/>
  <testcase name="calculatorTest5" time="10.656" classname="com.calculator.tests.CalculatorTest"/>
  <testcase name="calculatorTest6" time="10.792" classname="com.calculator.tests.CalculatorTest"/>
  <testcase name="calculatorTest1" time="14.031" classname="com.calculator.tests.CalculatorTest"/>
  <testcase name="calculatorTest2" time="10.800" classname="com.calculator.tests.CalculatorTest"/>
  <testcase name="calculatorTest3" time="10.846" classname="com.calculator.tests.CalculatorTest"/>
</testsuite> <!-- com.calculator.tests.CalculatorTest -->
